#
# There is insufficient memory for the Java Runtime Environment to continue.
# Native memory allocation (malloc) failed to allocate 224896 bytes for Chunk::new
# Possible reasons:
#   The system is out of physical RAM or swap space
#   The process is running with CompressedOops enabled, and the Java Heap may be blocking the growth of the native heap
# Possible solutions:
#   Reduce memory load on the system
#   Increase physical memory or swap space
#   Check if swap backing store is full
#   Decrease Java heap size (-Xmx/-Xms)
#   Decrease number of Java threads
#   Decrease Java thread stack sizes (-Xss)
#   Set larger code cache with -XX:ReservedCodeCacheSize=
#   JVM is running with Zero Based Compressed Oops mode in which the Java heap is
#     placed in the first 32GB address space. The Java Heap base address is the
#     maximum limit for the native heap growth. Please use -XX:HeapBaseMinAddress
#     to set the Java Heap base and to place the Java Heap above 32GB virtual address.
# This output file may be truncated or incomplete.
#
#  Out of Memory Error (arena.cpp:184), pid=6472, tid=30832
#
# JRE version: OpenJDK Runtime Environment (18.0.1.1+2) (build 18.0.1.1+2-6)
# Java VM: OpenJDK 64-Bit Server VM (18.0.1.1+2-6, mixed mode, sharing, tiered, compressed oops, compressed class ptrs, g1 gc, windows-amd64)
# No core dump will be written. Minidumps are not enabled by default on client versions of Windows
#

---------------  S U M M A R Y ------------

Command Line: -ea -Didea.test.cyclic.buffer.size=1048576 -javaagent:C:\Program Files\JetBrains\IntelliJ IDEA Community Edition 2022.1.2\lib\idea_rt.jar=61419:C:\Program Files\JetBrains\IntelliJ IDEA Community Edition 2022.1.2\bin -Dfile.encoding=UTF-8 com.intellij.rt.testng.RemoteTestNGStarter -usedefaultlisteners false -socket61418 @w@C:\Users\T-HUB\AppData\Local\Temp\idea_working_dirs_testng.tmp -temp C:\Users\T-HUB\AppData\Local\Temp\idea_testng.tmp

Host: 11th Gen Intel(R) Core(TM) i7-11700 @ 2.50GHz, 16 cores, 15G,  Windows 11 , 64 bit Build 22000 (10.0.22000.1516)
Time: Tue Apr  4 14:31:35 2023 India Standard Time elapsed time: 1.125975 seconds (0d 0h 0m 1s)

---------------  T H R E A D  ---------------

Current thread (0x0000021cffd62390):  JavaThread "C2 CompilerThread0" daemon [_thread_in_native, id=30832, stack(0x000000edea700000,0x000000edea800000)]


Current CompileTask:
C2:   1126 2096       4       java.io.DataInputStream::readUTF (501 bytes)

Stack: [0x000000edea700000,0x000000edea800000]
Native frames: (J=compiled Java code, j=interpreted, Vv=VM code, C=native code)
V  [jvm.dll+0x69887a]
V  [jvm.dll+0x7f38bd]
V  [jvm.dll+0x7f51ce]
V  [jvm.dll+0x7f5883]
V  [jvm.dll+0x25ca3f]
V  [jvm.dll+0xb8c2f]
V  [jvm.dll+0xb8fa5]
V  [jvm.dll+0x2c794f]
V  [jvm.dll+0x5a05b0]
V  [jvm.dll+0x237f1e]
V  [jvm.dll+0x231672]
V  [jvm.dll+0x22eeeb]
V  [jvm.dll+0x1b9cfc]
V  [jvm.dll+0x23e8ca]
V  [jvm.dll+0x23cbb5]
V  [jvm.dll+0x7a5fb1]
V  [jvm.dll+0x7a03ea]
V  [jvm.dll+0x697725]
C  [ucrtbase.dll+0x26c0c]
C  [KERNEL32.DLL+0x155a0]
C  [ntdll.dll+0x485b]


---------------  P R O C E S S  ---------------

Threads class SMR info:
_java_thread_list=0x0000021c93bf06a0, length=23, elements={
0x0000021ceb5d7740, 0x0000021cffd40a50, 0x0000021cffd413f0, 0x0000021cffd5fda0,
0x0000021cffd60650, 0x0000021cffd60f00, 0x0000021cffd617b0, 0x0000021cffd62390,
0x0000021cffd66ca0, 0x0000021cffd67590, 0x0000021cffd2d610, 0x0000021c930c6fd0,
0x0000021c930cb4f0, 0x0000021c931eeeb0, 0x0000021c931f1770, 0x0000021c93b2d7c0,
0x0000021c93bb1e50, 0x0000021c9402fe70, 0x0000021c93b226b0, 0x0000021c93b22b70,
0x0000021c93b708d0, 0x0000021c9410c8d0, 0x0000021c9410b0c0
}

Java Threads: ( => current thread )
  0x0000021ceb5d7740 JavaThread "Forwarding newSession on session null to remote" [_thread_in_native, id=23244, stack(0x000000ede9a00000,0x000000ede9b00000)]
  0x0000021cffd40a50 JavaThread "Reference Handler" daemon [_thread_blocked, id=20900, stack(0x000000edea100000,0x000000edea200000)]
  0x0000021cffd413f0 JavaThread "Finalizer" daemon [_thread_blocked, id=29412, stack(0x000000edea200000,0x000000edea300000)]
  0x0000021cffd5fda0 JavaThread "Signal Dispatcher" daemon [_thread_blocked, id=5000, stack(0x000000edea300000,0x000000edea400000)]
  0x0000021cffd60650 JavaThread "Attach Listener" daemon [_thread_blocked, id=17036, stack(0x000000edea400000,0x000000edea500000)]
  0x0000021cffd60f00 JavaThread "Service Thread" daemon [_thread_blocked, id=10872, stack(0x000000edea500000,0x000000edea600000)]
  0x0000021cffd617b0 JavaThread "Monitor Deflation Thread" daemon [_thread_blocked, id=19332, stack(0x000000edea600000,0x000000edea700000)]
=>0x0000021cffd62390 JavaThread "C2 CompilerThread0" daemon [_thread_in_native, id=30832, stack(0x000000edea700000,0x000000edea800000)]
  0x0000021cffd66ca0 JavaThread "C1 CompilerThread0" daemon [_thread_blocked, id=35528, stack(0x000000edea800000,0x000000edea900000)]
  0x0000021cffd67590 JavaThread "Sweeper thread" daemon [_thread_blocked, id=22804, stack(0x000000edea900000,0x000000edeaa00000)]
  0x0000021cffd2d610 JavaThread "Common-Cleaner" daemon [_thread_blocked, id=24216, stack(0x000000edeaa00000,0x000000edeab00000)]
  0x0000021c930c6fd0 JavaThread "C1 CompilerThread1" daemon [_thread_blocked, id=5944, stack(0x000000edeab00000,0x000000edeac00000)]
  0x0000021c930cb4f0 JavaThread "C1 CompilerThread2" daemon [_thread_blocked, id=30636, stack(0x000000edeac00000,0x000000edead00000)]
  0x0000021c931eeeb0 JavaThread "Monitor Ctrl-Break" daemon [_thread_in_native, id=32776, stack(0x000000edead00000,0x000000edeae00000)]
  0x0000021c931f1770 JavaThread "Notification Thread" daemon [_thread_blocked, id=13764, stack(0x000000edeae00000,0x000000edeaf00000)]
  0x0000021c93b2d7c0 JavaThread "C1 CompilerThread3" daemon [_thread_blocked, id=19340, stack(0x000000edeba00000,0x000000edebb00000)]
  0x0000021c93bb1e50 JavaThread "Exec Default Executor" daemon [_thread_in_native, id=23176, stack(0x000000edebc00000,0x000000edebd00000)]
  0x0000021c9402fe70 JavaThread "UrlChecker-2" daemon [_thread_blocked, id=5892, stack(0x000000edebd00000,0x000000edebe00000)]
  0x0000021c93b226b0 JavaThread "Exec Stream Pumper" daemon [_thread_in_native, id=30116, stack(0x000000edebf00000,0x000000edec000000)]
  0x0000021c93b22b70 JavaThread "Exec Stream Pumper" daemon [_thread_in_native, id=33472, stack(0x000000edec000000,0x000000edec100000)]
  0x0000021c93b708d0 JavaThread "Keep-Alive-Timer" daemon [_thread_blocked, id=27404, stack(0x000000edec100000,0x000000edec200000)]
  0x0000021c9410c8d0 JavaThread "OkHttp ConnectionPool" daemon [_thread_blocked, id=20188, stack(0x000000edebb00000,0x000000edebc00000)]
  0x0000021c9410b0c0 JavaThread "Okio Watchdog" daemon [_thread_blocked, id=26300, stack(0x000000edec200000,0x000000edec300000)]

Other Threads:
  0x0000021ceb669840 VMThread "VM Thread" [stack: 0x000000edea000000,0x000000edea100000] [id=13688]
  0x0000021ceb5d85a0 WatcherThread "VM Periodic Task Thread" [stack: 0x000000edeaf00000,0x000000edeb000000] [id=33444]
  0x0000021ceb64aab0 WorkerThread "GC Thread#0" [stack: 0x000000ede9b00000,0x000000ede9c00000] [id=25448]
  0x0000021cffd49810 WorkerThread "GC Thread#1" [stack: 0x000000edeb200000,0x000000edeb300000] [id=28556]
  0x0000021cffd4a290 WorkerThread "GC Thread#2" [stack: 0x000000edeb300000,0x000000edeb400000] [id=15660]
  0x0000021cffd4a7d0 WorkerThread "GC Thread#3" [stack: 0x000000edeb400000,0x000000edeb500000] [id=8444]
  0x0000021cffd4a530 WorkerThread "GC Thread#4" [stack: 0x000000edeb500000,0x000000edeb600000] [id=21460]
  0x0000021cffd4aa70 WorkerThread "GC Thread#5" [stack: 0x000000edeb600000,0x000000edeb700000] [id=23428]
  0x0000021cffd49ab0 WorkerThread "GC Thread#6" [stack: 0x000000edeb700000,0x000000edeb800000] [id=34836]
  0x0000021cffd4b250 WorkerThread "GC Thread#7" [stack: 0x000000edeb800000,0x000000edeb900000] [id=11748]
  0x0000021cffd49d50 WorkerThread "GC Thread#8" [stack: 0x000000edeb900000,0x000000edeba00000] [id=39880]
  0x0000021ceb65b5e0 ConcurrentGCThread "G1 Main Marker" [stack: 0x000000ede9c00000,0x000000ede9d00000] [id=12908]
  0x0000021ceb65c130 WorkerThread "G1 Conc#0" [stack: 0x000000ede9d00000,0x000000ede9e00000] [id=37160]
  0x0000021cffbf9da0 ConcurrentGCThread "G1 Refine#0" [stack: 0x000000ede9e00000,0x000000ede9f00000] [id=10280]
  0x0000021cffbfa550 ConcurrentGCThread "G1 Service" [stack: 0x000000ede9f00000,0x000000edea000000] [id=12200]

Threads with active compile tasks:
C2 CompilerThread0     1133 2096       4       java.io.DataInputStream::readUTF (501 bytes)

VM state: not at safepoint (normal execution)

VM Mutex/Monitor currently owned by a thread: None

Heap address: 0x0000000704000000, size: 4032 MB, Compressed Oops mode: Zero based, Oop shift amount: 3

CDS archive(s) mapped at: [0x0000000800000000-0x0000000800b90000-0x0000000800b90000), size 12124160, SharedBaseAddress: 0x0000000800000000, ArchiveRelocationMode: 0.
Compressed class space mapped at: 0x0000000800c00000-0x0000000840c00000, reserved size: 1073741824
Narrow klass base: 0x0000000800000000, Narrow klass shift: 0, Narrow klass range: 0x100000000

GC Precious Log:
 CardTable entry size: 512
 Card Set container configuration: InlinePtr #cards 4 size 8 Array Of Cards #cards 16 size 48 Howl #buckets 8 coarsen threshold 3686 Howl Bitmap #cards 512 size 80 coarsen threshold 460 Card regions per heap region 1 cards per card region 4096
 CPUs: 16 total, 16 available
 Memory: 16121M
 Large Page Support: Disabled
 NUMA Support: Disabled
 Compressed Oops: Enabled (Zero based)
 Heap Region Size: 2M
 Heap Min Capacity: 8M
 Heap Initial Capacity: 252M
 Heap Max Capacity: 4032M
 Pre-touch: Disabled
 Parallel Workers: 13
 Concurrent Workers: 3
 Concurrent Refinement Workers: 13
 Periodic GC: Disabled

Heap:
 garbage-first heap   total 258048K, used 23152K [0x0000000704000000, 0x0000000800000000)
  region size 2048K, 13 young (26624K), 2 survivors (4096K)
 Metaspace       used 13685K, committed 14016K, reserved 1114112K
  class space    used 1601K, committed 1728K, reserved 1048576K

Heap Regions: E=young(eden), S=young(survivor), O=old, HS=humongous(starts), HC=humongous(continues), CS=collection set, F=free, OA=open archive, CA=closed archive, TAMS=top-at-mark-start (previous, next)
|   0|0x0000000704000000, 0x000000070409c000, 0x0000000704200000| 30%| O|  |TAMS 0x0000000704000000, 0x0000000704000000| Untracked 
|   1|0x0000000704200000, 0x0000000704200000, 0x0000000704400000|  0%| F|  |TAMS 0x0000000704200000, 0x0000000704200000| Untracked 
|   2|0x0000000704400000, 0x0000000704400000, 0x0000000704600000|  0%| F|  |TAMS 0x0000000704400000, 0x0000000704400000| Untracked 
|   3|0x0000000704600000, 0x0000000704600000, 0x0000000704800000|  0%| F|  |TAMS 0x0000000704600000, 0x0000000704600000| Untracked 
|   4|0x0000000704800000, 0x0000000704800000, 0x0000000704a00000|  0%| F|  |TAMS 0x0000000704800000, 0x0000000704800000| Untracked 
|   5|0x0000000704a00000, 0x0000000704a00000, 0x0000000704c00000|  0%| F|  |TAMS 0x0000000704a00000, 0x0000000704a00000| Untracked 
|   6|0x0000000704c00000, 0x0000000704c00000, 0x0000000704e00000|  0%| F|  |TAMS 0x0000000704c00000, 0x0000000704c00000| Untracked 
|   7|0x0000000704e00000, 0x0000000704e00000, 0x0000000705000000|  0%| F|  |TAMS 0x0000000704e00000, 0x0000000704e00000| Untracked 
|   8|0x0000000705000000, 0x0000000705000000, 0x0000000705200000|  0%| F|  |TAMS 0x0000000705000000, 0x0000000705000000| Untracked 
|   9|0x0000000705200000, 0x0000000705200000, 0x0000000705400000|  0%| F|  |TAMS 0x0000000705200000, 0x0000000705200000| Untracked 
|  10|0x0000000705400000, 0x0000000705400000, 0x0000000705600000|  0%| F|  |TAMS 0x0000000705400000, 0x0000000705400000| Untracked 
|  11|0x0000000705600000, 0x0000000705600000, 0x0000000705800000|  0%| F|  |TAMS 0x0000000705600000, 0x0000000705600000| Untracked 
|  12|0x0000000705800000, 0x0000000705800000, 0x0000000705a00000|  0%| F|  |TAMS 0x0000000705800000, 0x0000000705800000| Untracked 
|  13|0x0000000705a00000, 0x0000000705a00000, 0x0000000705c00000|  0%| F|  |TAMS 0x0000000705a00000, 0x0000000705a00000| Untracked 
|  14|0x0000000705c00000, 0x0000000705c00000, 0x0000000705e00000|  0%| F|  |TAMS 0x0000000705c00000, 0x0000000705c00000| Untracked 
|  15|0x0000000705e00000, 0x0000000705e00000, 0x0000000706000000|  0%| F|  |TAMS 0x0000000705e00000, 0x0000000705e00000| Untracked 
|  16|0x0000000706000000, 0x0000000706000000, 0x0000000706200000|  0%| F|  |TAMS 0x0000000706000000, 0x0000000706000000| Untracked 
|  17|0x0000000706200000, 0x0000000706200000, 0x0000000706400000|  0%| F|  |TAMS 0x0000000706200000, 0x0000000706200000| Untracked 
|  18|0x0000000706400000, 0x0000000706400000, 0x0000000706600000|  0%| F|  |TAMS 0x0000000706400000, 0x0000000706400000| Untracked 
|  19|0x0000000706600000, 0x0000000706600000, 0x0000000706800000|  0%| F|  |TAMS 0x0000000706600000, 0x0000000706600000| Untracked 
|  20|0x0000000706800000, 0x0000000706800000, 0x0000000706a00000|  0%| F|  |TAMS 0x0000000706800000, 0x0000000706800000| Untracked 
|  21|0x0000000706a00000, 0x0000000706a00000, 0x0000000706c00000|  0%| F|  |TAMS 0x0000000706a00000, 0x0000000706a00000| Untracked 
|  22|0x0000000706c00000, 0x0000000706c00000, 0x0000000706e00000|  0%| F|  |TAMS 0x0000000706c00000, 0x0000000706c00000| Untracked 
|  23|0x0000000706e00000, 0x0000000706e00000, 0x0000000707000000|  0%| F|  |TAMS 0x0000000706e00000, 0x0000000706e00000| Untracked 
|  24|0x0000000707000000, 0x0000000707000000, 0x0000000707200000|  0%| F|  |TAMS 0x0000000707000000, 0x0000000707000000| Untracked 
|  25|0x0000000707200000, 0x0000000707200000, 0x0000000707400000|  0%| F|  |TAMS 0x0000000707200000, 0x0000000707200000| Untracked 
|  26|0x0000000707400000, 0x0000000707400000, 0x0000000707600000|  0%| F|  |TAMS 0x0000000707400000, 0x0000000707400000| Untracked 
|  27|0x0000000707600000, 0x0000000707600000, 0x0000000707800000|  0%| F|  |TAMS 0x0000000707600000, 0x0000000707600000| Untracked 
|  28|0x0000000707800000, 0x0000000707800000, 0x0000000707a00000|  0%| F|  |TAMS 0x0000000707800000, 0x0000000707800000| Untracked 
|  29|0x0000000707a00000, 0x0000000707a00000, 0x0000000707c00000|  0%| F|  |TAMS 0x0000000707a00000, 0x0000000707a00000| Untracked 
|  30|0x0000000707c00000, 0x0000000707c00000, 0x0000000707e00000|  0%| F|  |TAMS 0x0000000707c00000, 0x0000000707c00000| Untracked 
|  31|0x0000000707e00000, 0x0000000707e00000, 0x0000000708000000|  0%| F|  |TAMS 0x0000000707e00000, 0x0000000707e00000| Untracked 
|  32|0x0000000708000000, 0x0000000708000000, 0x0000000708200000|  0%| F|  |TAMS 0x0000000708000000, 0x0000000708000000| Untracked 
|  33|0x0000000708200000, 0x0000000708200000, 0x0000000708400000|  0%| F|  |TAMS 0x0000000708200000, 0x0000000708200000| Untracked 
|  34|0x0000000708400000, 0x0000000708400000, 0x0000000708600000|  0%| F|  |TAMS 0x0000000708400000, 0x0000000708400000| Untracked 
|  35|0x0000000708600000, 0x0000000708600000, 0x0000000708800000|  0%| F|  |TAMS 0x0000000708600000, 0x0000000708600000| Untracked 
|  36|0x0000000708800000, 0x0000000708800000, 0x0000000708a00000|  0%| F|  |TAMS 0x0000000708800000, 0x0000000708800000| Untracked 
|  37|0x0000000708a00000, 0x0000000708a00000, 0x0000000708c00000|  0%| F|  |TAMS 0x0000000708a00000, 0x0000000708a00000| Untracked 
|  38|0x0000000708c00000, 0x0000000708c00000, 0x0000000708e00000|  0%| F|  |TAMS 0x0000000708c00000, 0x0000000708c00000| Untracked 
|  39|0x0000000708e00000, 0x0000000708e00000, 0x0000000709000000|  0%| F|  |TAMS 0x0000000708e00000, 0x0000000708e00000| Untracked 
|  40|0x0000000709000000, 0x0000000709000000, 0x0000000709200000|  0%| F|  |TAMS 0x0000000709000000, 0x0000000709000000| Untracked 
|  41|0x0000000709200000, 0x0000000709200000, 0x0000000709400000|  0%| F|  |TAMS 0x0000000709200000, 0x0000000709200000| Untracked 
|  42|0x0000000709400000, 0x0000000709400000, 0x0000000709600000|  0%| F|  |TAMS 0x0000000709400000, 0x0000000709400000| Untracked 
|  43|0x0000000709600000, 0x0000000709600000, 0x0000000709800000|  0%| F|  |TAMS 0x0000000709600000, 0x0000000709600000| Untracked 
|  44|0x0000000709800000, 0x0000000709800000, 0x0000000709a00000|  0%| F|  |TAMS 0x0000000709800000, 0x0000000709800000| Untracked 
|  45|0x0000000709a00000, 0x0000000709a00000, 0x0000000709c00000|  0%| F|  |TAMS 0x0000000709a00000, 0x0000000709a00000| Untracked 
|  46|0x0000000709c00000, 0x0000000709c00000, 0x0000000709e00000|  0%| F|  |TAMS 0x0000000709c00000, 0x0000000709c00000| Untracked 
|  47|0x0000000709e00000, 0x0000000709e00000, 0x000000070a000000|  0%| F|  |TAMS 0x0000000709e00000, 0x0000000709e00000| Untracked 
|  48|0x000000070a000000, 0x000000070a000000, 0x000000070a200000|  0%| F|  |TAMS 0x000000070a000000, 0x000000070a000000| Untracked 
|  49|0x000000070a200000, 0x000000070a200000, 0x000000070a400000|  0%| F|  |TAMS 0x000000070a200000, 0x000000070a200000| Untracked 
|  50|0x000000070a400000, 0x000000070a400000, 0x000000070a600000|  0%| F|  |TAMS 0x000000070a400000, 0x000000070a400000| Untracked 
|  51|0x000000070a600000, 0x000000070a600000, 0x000000070a800000|  0%| F|  |TAMS 0x000000070a600000, 0x000000070a600000| Untracked 
|  52|0x000000070a800000, 0x000000070a800000, 0x000000070aa00000|  0%| F|  |TAMS 0x000000070a800000, 0x000000070a800000| Untracked 
|  53|0x000000070aa00000, 0x000000070aa00000, 0x000000070ac00000|  0%| F|  |TAMS 0x000000070aa00000, 0x000000070aa00000| Untracked 
|  54|0x000000070ac00000, 0x000000070ac00000, 0x000000070ae00000|  0%| F|  |TAMS 0x000000070ac00000, 0x000000070ac00000| Untracked 
|  55|0x000000070ae00000, 0x000000070ae00000, 0x000000070b000000|  0%| F|  |TAMS 0x000000070ae00000, 0x000000070ae00000| Untracked 
|  56|0x000000070b000000, 0x000000070b000000, 0x000000070b200000|  0%| F|  |TAMS 0x000000070b000000, 0x000000070b000000| Untracked 
|  57|0x000000070b200000, 0x000000070b200000, 0x000000070b400000|  0%| F|  |TAMS 0x000000070b200000, 0x000000070b200000| Untracked 
|  58|0x000000070b400000, 0x000000070b400000, 0x000000070b600000|  0%| F|  |TAMS 0x000000070b400000, 0x000000070b400000| Untracked 
|  59|0x000000070b600000, 0x000000070b600000, 0x000000070b800000|  0%| F|  |TAMS 0x000000070b600000, 0x000000070b600000| Untracked 
|  60|0x000000070b800000, 0x000000070b800000, 0x000000070ba00000|  0%| F|  |TAMS 0x000000070b800000, 0x000000070b800000| Untracked 
|  61|0x000000070ba00000, 0x000000070ba00000, 0x000000070bc00000|  0%| F|  |TAMS 0x000000070ba00000, 0x000000070ba00000| Untracked 
|  62|0x000000070bc00000, 0x000000070bc00000, 0x000000070be00000|  0%| F|  |TAMS 0x000000070bc00000, 0x000000070bc00000| Untracked 
|  63|0x000000070be00000, 0x000000070be00000, 0x000000070c000000|  0%| F|  |TAMS 0x000000070be00000, 0x000000070be00000| Untracked 
|  64|0x000000070c000000, 0x000000070c000000, 0x000000070c200000|  0%| F|  |TAMS 0x000000070c000000, 0x000000070c000000| Untracked 
|  65|0x000000070c200000, 0x000000070c200000, 0x000000070c400000|  0%| F|  |TAMS 0x000000070c200000, 0x000000070c200000| Untracked 
|  66|0x000000070c400000, 0x000000070c400000, 0x000000070c600000|  0%| F|  |TAMS 0x000000070c400000, 0x000000070c400000| Untracked 
|  67|0x000000070c600000, 0x000000070c600000, 0x000000070c800000|  0%| F|  |TAMS 0x000000070c600000, 0x000000070c600000| Untracked 
|  68|0x000000070c800000, 0x000000070c800000, 0x000000070ca00000|  0%| F|  |TAMS 0x000000070c800000, 0x000000070c800000| Untracked 
|  69|0x000000070ca00000, 0x000000070ca00000, 0x000000070cc00000|  0%| F|  |TAMS 0x000000070ca00000, 0x000000070ca00000| Untracked 
|  70|0x000000070cc00000, 0x000000070cc00000, 0x000000070ce00000|  0%| F|  |TAMS 0x000000070cc00000, 0x000000070cc00000| Untracked 
|  71|0x000000070ce00000, 0x000000070ce00000, 0x000000070d000000|  0%| F|  |TAMS 0x000000070ce00000, 0x000000070ce00000| Untracked 
|  72|0x000000070d000000, 0x000000070d000000, 0x000000070d200000|  0%| F|  |TAMS 0x000000070d000000, 0x000000070d000000| Untracked 
|  73|0x000000070d200000, 0x000000070d200000, 0x000000070d400000|  0%| F|  |TAMS 0x000000070d200000, 0x000000070d200000| Untracked 
|  74|0x000000070d400000, 0x000000070d400000, 0x000000070d600000|  0%| F|  |TAMS 0x000000070d400000, 0x000000070d400000| Untracked 
|  75|0x000000070d600000, 0x000000070d600000, 0x000000070d800000|  0%| F|  |TAMS 0x000000070d600000, 0x000000070d600000| Untracked 
|  76|0x000000070d800000, 0x000000070d800000, 0x000000070da00000|  0%| F|  |TAMS 0x000000070d800000, 0x000000070d800000| Untracked 
|  77|0x000000070da00000, 0x000000070da00000, 0x000000070dc00000|  0%| F|  |TAMS 0x000000070da00000, 0x000000070da00000| Untracked 
|  78|0x000000070dc00000, 0x000000070dc00000, 0x000000070de00000|  0%| F|  |TAMS 0x000000070dc00000, 0x000000070dc00000| Untracked 
|  79|0x000000070de00000, 0x000000070de00000, 0x000000070e000000|  0%| F|  |TAMS 0x000000070de00000, 0x000000070de00000| Untracked 
|  80|0x000000070e000000, 0x000000070e000000, 0x000000070e200000|  0%| F|  |TAMS 0x000000070e000000, 0x000000070e000000| Untracked 
|  81|0x000000070e200000, 0x000000070e200000, 0x000000070e400000|  0%| F|  |TAMS 0x000000070e200000, 0x000000070e200000| Untracked 
|  82|0x000000070e400000, 0x000000070e400000, 0x000000070e600000|  0%| F|  |TAMS 0x000000070e400000, 0x000000070e400000| Untracked 
|  83|0x000000070e600000, 0x000000070e600000, 0x000000070e800000|  0%| F|  |TAMS 0x000000070e600000, 0x000000070e600000| Untracked 
|  84|0x000000070e800000, 0x000000070e800000, 0x000000070ea00000|  0%| F|  |TAMS 0x000000070e800000, 0x000000070e800000| Untracked 
|  85|0x000000070ea00000, 0x000000070ea00000, 0x000000070ec00000|  0%| F|  |TAMS 0x000000070ea00000, 0x000000070ea00000| Untracked 
|  86|0x000000070ec00000, 0x000000070ec00000, 0x000000070ee00000|  0%| F|  |TAMS 0x000000070ec00000, 0x000000070ec00000| Untracked 
|  87|0x000000070ee00000, 0x000000070ee00000, 0x000000070f000000|  0%| F|  |TAMS 0x000000070ee00000, 0x000000070ee00000| Untracked 
|  88|0x000000070f000000, 0x000000070f000000, 0x000000070f200000|  0%| F|  |TAMS 0x000000070f000000, 0x000000070f000000| Untracked 
|  89|0x000000070f200000, 0x000000070f200000, 0x000000070f400000|  0%| F|  |TAMS 0x000000070f200000, 0x000000070f200000| Untracked 
|  90|0x000000070f400000, 0x000000070f400000, 0x000000070f600000|  0%| F|  |TAMS 0x000000070f400000, 0x000000070f400000| Untracked 
|  91|0x000000070f600000, 0x000000070f600000, 0x000000070f800000|  0%| F|  |TAMS 0x000000070f600000, 0x000000070f600000| Untracked 
|  92|0x000000070f800000, 0x000000070f800000, 0x000000070fa00000|  0%| F|  |TAMS 0x000000070f800000, 0x000000070f800000| Untracked 
|  93|0x000000070fa00000, 0x000000070fa00000, 0x000000070fc00000|  0%| F|  |TAMS 0x000000070fa00000, 0x000000070fa00000| Untracked 
|  94|0x000000070fc00000, 0x000000070fc00000, 0x000000070fe00000|  0%| F|  |TAMS 0x000000070fc00000, 0x000000070fc00000| Untracked 
|  95|0x000000070fe00000, 0x000000070fe00000, 0x0000000710000000|  0%| F|  |TAMS 0x000000070fe00000, 0x000000070fe00000| Untracked 
|  96|0x0000000710000000, 0x0000000710000000, 0x0000000710200000|  0%| F|  |TAMS 0x0000000710000000, 0x0000000710000000| Untracked 
|  97|0x0000000710200000, 0x0000000710200000, 0x0000000710400000|  0%| F|  |TAMS 0x0000000710200000, 0x0000000710200000| Untracked 
|  98|0x0000000710400000, 0x0000000710400000, 0x0000000710600000|  0%| F|  |TAMS 0x0000000710400000, 0x0000000710400000| Untracked 
|  99|0x0000000710600000, 0x0000000710600000, 0x0000000710800000|  0%| F|  |TAMS 0x0000000710600000, 0x0000000710600000| Untracked 
| 100|0x0000000710800000, 0x0000000710800000, 0x0000000710a00000|  0%| F|  |TAMS 0x0000000710800000, 0x0000000710800000| Untracked 
| 101|0x0000000710a00000, 0x0000000710a00000, 0x0000000710c00000|  0%| F|  |TAMS 0x0000000710a00000, 0x0000000710a00000| Untracked 
| 102|0x0000000710c00000, 0x0000000710c00000, 0x0000000710e00000|  0%| F|  |TAMS 0x0000000710c00000, 0x0000000710c00000| Untracked 
| 103|0x0000000710e00000, 0x0000000710e00000, 0x0000000711000000|  0%| F|  |TAMS 0x0000000710e00000, 0x0000000710e00000| Untracked 
| 104|0x0000000711000000, 0x0000000711000000, 0x0000000711200000|  0%| F|  |TAMS 0x0000000711000000, 0x0000000711000000| Untracked 
| 105|0x0000000711200000, 0x0000000711200000, 0x0000000711400000|  0%| F|  |TAMS 0x0000000711200000, 0x0000000711200000| Untracked 
| 106|0x0000000711400000, 0x0000000711400000, 0x0000000711600000|  0%| F|  |TAMS 0x0000000711400000, 0x0000000711400000| Untracked 
| 107|0x0000000711600000, 0x0000000711600000, 0x0000000711800000|  0%| F|  |TAMS 0x0000000711600000, 0x0000000711600000| Untracked 
| 108|0x0000000711800000, 0x0000000711800000, 0x0000000711a00000|  0%| F|  |TAMS 0x0000000711800000, 0x0000000711800000| Untracked 
| 109|0x0000000711a00000, 0x0000000711a00000, 0x0000000711c00000|  0%| F|  |TAMS 0x0000000711a00000, 0x0000000711a00000| Untracked 
| 110|0x0000000711c00000, 0x0000000711c00000, 0x0000000711e00000|  0%| F|  |TAMS 0x0000000711c00000, 0x0000000711c00000| Untracked 
| 111|0x0000000711e00000, 0x0000000711e00000, 0x0000000712000000|  0%| F|  |TAMS 0x0000000711e00000, 0x0000000711e00000| Untracked 
| 112|0x0000000712000000, 0x0000000712000000, 0x0000000712200000|  0%| F|  |TAMS 0x0000000712000000, 0x0000000712000000| Untracked 
| 113|0x0000000712200000, 0x0000000712400000, 0x0000000712400000|100%| S|CS|TAMS 0x0000000712200000, 0x0000000712200000| Complete 
| 114|0x0000000712400000, 0x0000000712600000, 0x0000000712600000|100%| S|CS|TAMS 0x0000000712400000, 0x0000000712400000| Complete 
| 115|0x0000000712600000, 0x0000000712774b80, 0x0000000712800000| 72%| E|  |TAMS 0x0000000712600000, 0x0000000712600000| Complete 
| 116|0x0000000712800000, 0x0000000712a00000, 0x0000000712a00000|100%| E|CS|TAMS 0x0000000712800000, 0x0000000712800000| Complete 
| 117|0x0000000712a00000, 0x0000000712c00000, 0x0000000712c00000|100%| E|CS|TAMS 0x0000000712a00000, 0x0000000712a00000| Complete 
| 118|0x0000000712c00000, 0x0000000712e00000, 0x0000000712e00000|100%| E|CS|TAMS 0x0000000712c00000, 0x0000000712c00000| Complete 
| 119|0x0000000712e00000, 0x0000000713000000, 0x0000000713000000|100%| E|CS|TAMS 0x0000000712e00000, 0x0000000712e00000| Complete 
| 120|0x0000000713000000, 0x0000000713200000, 0x0000000713200000|100%| E|CS|TAMS 0x0000000713000000, 0x0000000713000000| Complete 
| 121|0x0000000713200000, 0x0000000713400000, 0x0000000713400000|100%| E|CS|TAMS 0x0000000713200000, 0x0000000713200000| Complete 
| 122|0x0000000713400000, 0x0000000713600000, 0x0000000713600000|100%| E|CS|TAMS 0x0000000713400000, 0x0000000713400000| Complete 
| 123|0x0000000713600000, 0x0000000713800000, 0x0000000713800000|100%| E|CS|TAMS 0x0000000713600000, 0x0000000713600000| Complete 
| 124|0x0000000713800000, 0x0000000713a00000, 0x0000000713a00000|100%| E|CS|TAMS 0x0000000713800000, 0x0000000713800000| Complete 
| 125|0x0000000713a00000, 0x0000000713c00000, 0x0000000713c00000|100%| E|  |TAMS 0x0000000713a00000, 0x0000000713a00000| Complete 

Card table byte_map: [0x0000021cf3f70000,0x0000021cf4750000] _byte_map_base: 0x0000021cf0750000

Marking Bits (Prev, Next): (CMBitMap*) 0x0000021ceb64b0b0, (CMBitMap*) 0x0000021ceb64b0f0
 Prev Bits: [0x0000021cf4f30000, 0x0000021cf8e30000)
 Next Bits: [0x0000021cf8e30000, 0x0000021cfcd30000)

Polling page: 0x0000021ceada0000

Metaspace:

Usage:
  Non-class:     11.80 MB used.
      Class:      1.56 MB used.
       Both:     13.36 MB used.

Virtual space:
  Non-class space:       64.00 MB reserved,      12.00 MB ( 19%) committed,  1 nodes.
      Class space:        1.00 GB reserved,       1.69 MB ( <1%) committed,  1 nodes.
             Both:        1.06 GB reserved,      13.69 MB (  1%) committed. 

Chunk freelists:
   Non-Class:  3.48 MB
       Class:  2.27 MB
        Both:  5.75 MB

MaxMetaspaceSize: unlimited
CompressedClassSpaceSize: 1.00 GB
Initial GC threshold: 21.00 MB
Current GC threshold: 21.00 MB
CDS: on
MetaspaceReclaimPolicy: balanced
 - commit_granule_bytes: 65536.
 - commit_granule_words: 8192.
 - virtual_space_node_default_size: 8388608.
 - enlarge_chunks_in_place: 1.
 - new_chunks_are_fully_committed: 0.
 - uncommit_free_chunks: 1.
 - use_allocation_guard: 0.


Internal statistics:

num_allocs_failed_limit: 0.
num_arena_births: 292.
num_arena_deaths: 0.
num_vsnodes_births: 2.
num_vsnodes_deaths: 0.
num_space_committed: 219.
num_space_uncommitted: 0.
num_chunks_returned_to_freelist: 0.
num_chunks_taken_from_freelist: 598.
num_chunk_merges: 0.
num_chunk_splits: 382.
num_chunks_enlarged: 265.
num_inconsistent_stats: 0.

CodeHeap 'non-profiled nmethods': size=119168Kb used=703Kb max_used=703Kb free=118464Kb
 bounds [0x0000021c87ba0000, 0x0000021c87e10000, 0x0000021c8f000000]
CodeHeap 'profiled nmethods': size=119104Kb used=4338Kb max_used=4338Kb free=114765Kb
 bounds [0x0000021c80750000, 0x0000021c80b90000, 0x0000021c87ba0000]
CodeHeap 'non-nmethods': size=7488Kb used=2921Kb max_used=2948Kb free=4566Kb
 bounds [0x0000021c80000000, 0x0000021c802f0000, 0x0000021c80750000]
 total_blobs=2621 nmethods=2102 adapters=428
 compilation: enabled
              stopped_count=0, restarted_count=0
 full_count=0

Compilation events (20 events):
Event: 0.704 Thread 0x0000021cffd62390 nmethod 2090 0x0000021c87c4e510 code [0x0000021c87c4e6a0, 0x0000021c87c4e998]
Event: 0.706 Thread 0x0000021c93a4a9b0 2091       4       java.util.ArrayList::get (15 bytes)
Event: 0.706 Thread 0x0000021c93a4a9b0 nmethod 2091 0x0000021c87c4ea90 code [0x0000021c87c4ec00, 0x0000021c87c4ecf8]
Event: 0.707 Thread 0x0000021cffd66ca0 2092       3       java.lang.ThreadLocal::getMap (5 bytes)
Event: 0.707 Thread 0x0000021cffd66ca0 nmethod 2092 0x0000021c80b86a10 code [0x0000021c80b86ba0, 0x0000021c80b86cb8]
Event: 1.119 Thread 0x0000021cffd66ca0 2093       3       java.util.StringTokenizer::scanToken (179 bytes)
Event: 1.119 Thread 0x0000021cffd62390 2094       4       java.util.StringTokenizer::skipDelimiters (116 bytes)
Event: 1.119 Thread 0x0000021c93b2d7c0 2095       1       java.lang.Class::getClassLoader0 (5 bytes)
Event: 1.120 Thread 0x0000021cffd66ca0 nmethod 2093 0x0000021c80b86d90 code [0x0000021c80b870e0, 0x0000021c80b88778]
Event: 1.120 Thread 0x0000021c93b2d7c0 nmethod 2095 0x0000021c87c4ee10 code [0x0000021c87c4efa0, 0x0000021c87c4f078]
Event: 1.121 Thread 0x0000021cffd62390 nmethod 2094 0x0000021c87c4f110 code [0x0000021c87c4f2a0, 0x0000021c87c4f608]
Event: 1.122 Thread 0x0000021cffd62390 2096       4       java.io.DataInputStream::readUTF (501 bytes)
Event: 1.122 Thread 0x0000021cffd66ca0 2097   !   3       java.util.concurrent.ConcurrentHashMap::putVal (432 bytes)
Event: 1.123 Thread 0x0000021c930c6fd0 2099       3       java.util.concurrent.ConcurrentHashMap$KeyIterator::next (34 bytes)
Event: 1.123 Thread 0x0000021c930c6fd0 nmethod 2099 0x0000021c80b88f90 code [0x0000021c80b89140, 0x0000021c80b89418]
Event: 1.123 Thread 0x0000021cffd66ca0 nmethod 2097 0x0000021c80b89590 code [0x0000021c80b89900, 0x0000021c80b8b508]
Event: 1.123 Thread 0x0000021c930cb4f0 2101       3       java.util.ArrayList::toArray (12 bytes)
Event: 1.123 Thread 0x0000021c930cb4f0 nmethod 2101 0x0000021c80b8bf10 code [0x0000021c80b8c0c0, 0x0000021c80b8c2a8]
Event: 1.125 Thread 0x0000021c930cb4f0 2102       3       java.util.HashMap::isEmpty (13 bytes)
Event: 1.125 Thread 0x0000021c930cb4f0 nmethod 2102 0x0000021c80b8c390 code [0x0000021c80b8c520, 0x0000021c80b8c698]

GC Heap History (2 events):
Event: 0.419 GC heap before
{Heap before GC invocations=0 (full 0):
 garbage-first heap   total 258048K, used 22528K [0x0000000704000000, 0x0000000800000000)
  region size 2048K, 11 young (22528K), 0 survivors (0K)
 Metaspace       used 7549K, committed 7872K, reserved 1114112K
  class space    used 859K, committed 1024K, reserved 1048576K
}
Event: 0.423 GC heap after
{Heap after GC invocations=1 (full 0):
 garbage-first heap   total 258048K, used 4720K [0x0000000704000000, 0x0000000800000000)
  region size 2048K, 2 young (4096K), 2 survivors (4096K)
 Metaspace       used 7549K, committed 7872K, reserved 1114112K
  class space    used 859K, committed 1024K, reserved 1048576K
}

Deoptimization events (20 events):
Event: 0.559 Thread 0x0000021c9402fe70 Uncommon trap: trap_request=0xffffff45 fr.pc=0x0000021c87c112c8 relative=0x00000000000000a8
Event: 0.559 Thread 0x0000021c9402fe70 Uncommon trap: reason=unstable_if action=reinterpret pc=0x0000021c87c112c8 method=java.lang.CharacterDataLatin1.digit(II)I @ 12 c2
Event: 0.559 Thread 0x0000021c9402fe70 DEOPT PACKING pc=0x0000021c87c112c8 sp=0x000000edebdfe750
Event: 0.559 Thread 0x0000021c9402fe70 DEOPT UNPACKING pc=0x0000021c80055c23 sp=0x000000edebdfe6c8 mode 2
Event: 0.593 Thread 0x0000021ceb5d7740 DEOPT PACKING pc=0x0000021c80afbafe sp=0x000000ede9afd5c0
Event: 0.593 Thread 0x0000021ceb5d7740 DEOPT UNPACKING pc=0x0000021c80056763 sp=0x000000ede9afca30 mode 0
Event: 0.605 Thread 0x0000021ceb5d7740 DEOPT PACKING pc=0x0000021c80afbafe sp=0x000000ede9afc240
Event: 0.605 Thread 0x0000021ceb5d7740 DEOPT UNPACKING pc=0x0000021c80056763 sp=0x000000ede9afb6b0 mode 0
Event: 0.612 Thread 0x0000021ceb5d7740 Uncommon trap: trap_request=0xffffff45 fr.pc=0x0000021c87bfc09c relative=0x0000000000000adc
Event: 0.612 Thread 0x0000021ceb5d7740 Uncommon trap: reason=unstable_if action=reinterpret pc=0x0000021c87bfc09c method=jdk.internal.org.objectweb.asm.Frame.execute(IILjdk/internal/org/objectweb/asm/Symbol;Ljdk/internal/org/objectweb/asm/SymbolTable;)V @ 1 c2
Event: 0.612 Thread 0x0000021ceb5d7740 DEOPT PACKING pc=0x0000021c87bfc09c sp=0x000000ede9afc8b0
Event: 0.612 Thread 0x0000021ceb5d7740 DEOPT UNPACKING pc=0x0000021c80055c23 sp=0x000000ede9afc818 mode 2
Event: 0.624 Thread 0x0000021ceb5d7740 DEOPT PACKING pc=0x0000021c80afbafe sp=0x000000ede9afd210
Event: 0.624 Thread 0x0000021ceb5d7740 DEOPT UNPACKING pc=0x0000021c80056763 sp=0x000000ede9afc680 mode 0
Event: 0.640 Thread 0x0000021ceb5d7740 DEOPT PACKING pc=0x0000021c80afbafe sp=0x000000ede9af9960
Event: 0.640 Thread 0x0000021ceb5d7740 DEOPT UNPACKING pc=0x0000021c80056763 sp=0x000000ede9af8dd0 mode 0
Event: 1.120 Thread 0x0000021cffd60650 Uncommon trap: trap_request=0xffffff45 fr.pc=0x0000021c87c163fc relative=0x0000000000000d7c
Event: 1.120 Thread 0x0000021cffd60650 Uncommon trap: reason=unstable_if action=reinterpret pc=0x0000021c87c163fc method=java.util.concurrent.ConcurrentHashMap.putVal(Ljava/lang/Object;Ljava/lang/Object;Z)Ljava/lang/Object; @ 231 c2
Event: 1.120 Thread 0x0000021cffd60650 DEOPT PACKING pc=0x0000021c87c163fc sp=0x000000edea4fe010
Event: 1.120 Thread 0x0000021cffd60650 DEOPT UNPACKING pc=0x0000021c80055c23 sp=0x000000edea4fdf70 mode 2

Classes loaded (20 events):
Event: 1.121 Loading class sun/util/resources/cldr/TimeZoneNames_en_US
Event: 1.121 Loading class sun/util/resources/cldr/TimeZoneNames_en_US done
Event: 1.122 Loading class java/time/zone/ZoneRulesProvider
Event: 1.122 Loading class java/time/zone/ZoneRulesProvider done
Event: 1.122 Loading class java/time/zone/ZoneRulesProvider$1
Event: 1.122 Loading class java/time/zone/ZoneRulesProvider$1 done
Event: 1.122 Loading class java/time/zone/TzdbZoneRulesProvider
Event: 1.122 Loading class java/time/zone/TzdbZoneRulesProvider done
Event: 1.123 Loading class java/time/zone/Ser
Event: 1.123 Loading class java/io/Externalizable
Event: 1.123 Loading class java/io/Externalizable done
Event: 1.123 Loading class java/time/zone/Ser done
Event: 1.123 Loading class java/time/zone/ZoneOffsetTransition
Event: 1.123 Loading class java/time/zone/ZoneOffsetTransition done
Event: 1.124 Loading class sun/util/cldr/CLDRBaseLocaleDataMetaInfo$TZCanonicalIDMapHolder
Event: 1.124 Loading class sun/util/cldr/CLDRBaseLocaleDataMetaInfo$TZCanonicalIDMapHolder done
Event: 1.125 Loading class sun/util/resources/TimeZoneNames
Event: 1.125 Loading class sun/util/resources/TimeZoneNames done
Event: 1.125 Loading class sun/util/resources/TimeZoneNames_en
Event: 1.125 Loading class sun/util/resources/TimeZoneNames_en done

Classes unloaded (0 events):
No events

Classes redefined (0 events):
No events

Internal exceptions (20 events):
Event: 0.495 Thread 0x0000021ceb5d7740 Exception <a 'java/lang/NoSuchMethodError'{0x0000000713558628}: 'java.lang.Object java.lang.invoke.DirectMethodHandle$Holder.invokeStaticInit(java.lang.Object)'> (0x0000000713558628) 
thrown [s\open\src\hotspot\share\interpreter\linkResolver.cpp, line 766]
Event: 0.539 Thread 0x0000021c9402fe70 Exception <a 'java/net/ConnectException'{0x000000071302c488}: Connection refused: no further information> (0x000000071302c488) 
thrown [s\open\src\hotspot\share\prims\jni.cpp, line 535]
Event: 0.539 Thread 0x0000021c9402fe70 Exception <a 'java/net/SocketException'{0x000000071302c7c0}: Socket is not connected: shutdown> (0x000000071302c7c0) 
thrown [s\open\src\hotspot\share\prims\jni.cpp, line 535]
Event: 0.539 Thread 0x0000021c93bb1e50 Exception <a 'java/lang/NoSuchMethodError'{0x000000071300e510}: 'void java.lang.invoke.DirectMethodHandle$Holder.invokeStatic(java.lang.Object, long)'> (0x000000071300e510) 
thrown [s\open\src\hotspot\share\interpreter\linkResolver.cpp, line 766]
Event: 0.540 Thread 0x0000021c93bb1e50 Exception <a 'java/lang/NoSuchMethodError'{0x00000007130137c0}: 'java.lang.Object java.lang.invoke.DirectMethodHandle$Holder.newInvokeSpecial(java.lang.Object, long)'> (0x00000007130137c0) 
thrown [s\open\src\hotspot\share\interpreter\linkResolver.cpp, line 766]
Event: 0.540 Thread 0x0000021c93bb1e50 Exception <a 'java/lang/NoSuchMethodError'{0x000000071301a430}: 'java.lang.Object java.lang.invoke.DirectMethodHandle$Holder.invokeStatic(java.lang.Object, java.lang.Object, long, java.lang.Object)'> (0x000000071301a430) 
thrown [s\open\src\hotspot\share\interpreter\linkResolver.cpp, line 766]
Event: 0.540 Thread 0x0000021c93bb1e50 Exception <a 'java/lang/NoSuchMethodError'{0x000000071301dc18}: 'java.lang.Object java.lang.invoke.DirectMethodHandle$Holder.invokeStaticInit(java.lang.Object, java.lang.Object, long, java.lang.Object)'> (0x000000071301dc18) 
thrown [s\open\src\hotspot\share\interpreter\linkResolver.cpp, line 766]
Event: 0.541 Thread 0x0000021c93bb1e50 Exception <a 'java/lang/NoSuchMethodError'{0x0000000713023ca0}: 'java.lang.Object java.lang.invoke.DirectMethodHandle$Holder.newInvokeSpecial(java.lang.Object, java.lang.Object, long)'> (0x0000000713023ca0) 
thrown [s\open\src\hotspot\share\interpreter\linkResolver.cpp, line 766]
Event: 0.559 Thread 0x0000021c9402fe70 Exception <a 'java/net/ConnectException'{0x000000071302d828}: Connection refused: no further information> (0x000000071302d828) 
thrown [s\open\src\hotspot\share\prims\jni.cpp, line 535]
Event: 0.559 Thread 0x0000021c9402fe70 Exception <a 'java/net/SocketException'{0x000000071302db60}: Socket is not connected: shutdown> (0x000000071302db60) 
thrown [s\open\src\hotspot\share\prims\jni.cpp, line 535]
Event: 0.599 Thread 0x0000021ceb5d7740 Exception <a 'java/lang/NoSuchMethodError'{0x000000071311c658}: 'java.lang.Object java.lang.invoke.DirectMethodHandle$Holder.invokeInterface(java.lang.Object, java.lang.Object, java.lang.Object)'> (0x000000071311c658) 
thrown [s\open\src\hotspot\share\interpreter\linkResolver.cpp, line 766]
Event: 0.599 Thread 0x0000021ceb5d7740 Exception <a 'java/lang/IncompatibleClassChangeError'{0x000000071311ffd8}: Found class java.lang.Object, but interface was expected> (0x000000071311ffd8) 
thrown [s\open\src\hotspot\share\interpreter\linkResolver.cpp, line 833]
Event: 0.600 Thread 0x0000021ceb5d7740 Exception <a 'java/lang/NoSuchMethodError'{0x0000000713128ac8}: 'int java.lang.invoke.DirectMethodHandle$Holder.invokeSpecialIFC(java.lang.Object, java.lang.Object, java.lang.Object, java.lang.Object)'> (0x0000000713128ac8) 
thrown [s\open\src\hotspot\share\interpreter\linkResolver.cpp, line 766]
Event: 0.600 Thread 0x0000021ceb5d7740 Exception <a 'java/lang/NoSuchMethodError'{0x0000000713130db0}: 'java.lang.Object java.lang.invoke.DirectMethodHandle$Holder.invokeInterface(java.lang.Object, java.lang.Object, java.lang.Object, java.lang.Object)'> (0x0000000713130db0) 
thrown [s\open\src\hotspot\share\interpreter\linkResolver.cpp, line 766]
Event: 0.602 Thread 0x0000021ceb5d7740 Exception <a 'java/lang/NoSuchMethodError'{0x00000007131569d0}: 'java.lang.Object java.lang.invoke.DirectMethodHandle$Holder.invokeVirtual(java.lang.Object, java.lang.Object, java.lang.Object)'> (0x00000007131569d0) 
thrown [s\open\src\hotspot\share\interpreter\linkResolver.cpp, line 766]
Event: 0.606 Thread 0x0000021ceb5d7740 Exception <a 'java/lang/NoSuchMethodError'{0x00000007131c8608}: 'void java.lang.invoke.DirectMethodHandle$Holder.invokeInterface(java.lang.Object, java.lang.Object, java.lang.Object)'> (0x00000007131c8608) 
thrown [s\open\src\hotspot\share\interpreter\linkResolver.cpp, line 766]
Event: 0.612 Thread 0x0000021ceb5d7740 Exception <a 'java/lang/NoSuchMethodError'{0x0000000712e25010}: 'double java.lang.invoke.DirectMethodHandle$Holder.invokeVirtual(java.lang.Object, java.lang.Object)'> (0x0000000712e25010) 
thrown [s\open\src\hotspot\share\interpreter\linkResolver.cpp, line 766]
Event: 0.612 Thread 0x0000021ceb5d7740 Exception <a 'java/lang/NoSuchMethodError'{0x0000000712e2b8e0}: 'float java.lang.invoke.DirectMethodHandle$Holder.invokeVirtual(java.lang.Object, java.lang.Object)'> (0x0000000712e2b8e0) 
thrown [s\open\src\hotspot\share\interpreter\linkResolver.cpp, line 766]
Event: 0.613 Thread 0x0000021ceb5d7740 Exception <a 'java/lang/NoSuchMethodError'{0x0000000712e34b40}: 'long java.lang.invoke.DirectMethodHandle$Holder.invokeVirtual(java.lang.Object, java.lang.Object)'> (0x0000000712e34b40) 
thrown [s\open\src\hotspot\share\interpreter\linkResolver.cpp, line 766]
Event: 0.634 Thread 0x0000021ceb5d7740 Exception <a 'java/lang/NoSuchMethodError'{0x0000000712fd75e0}: 'void java.lang.invoke.DirectMethodHandle$Holder.invokeSpecial(java.lang.Object, java.lang.Object, java.lang.Object, java.lang.Object, java.lang.Object)'> (0x0000000712fd75e0) 
thrown [s\open\src\hotspot\share\interpreter\linkResolver.cpp, line 766]

VM Operations (20 events):
Event: 0.354 Executing VM operation: HandshakeAllThreads
Event: 0.354 Executing VM operation: HandshakeAllThreads done
Event: 0.389 Executing VM operation: HandshakeAllThreads
Event: 0.389 Executing VM operation: HandshakeAllThreads done
Event: 0.401 Executing VM operation: HandshakeAllThreads
Event: 0.401 Executing VM operation: HandshakeAllThreads done
Event: 0.419 Executing VM operation: G1CollectForAllocation
Event: 0.423 Executing VM operation: G1CollectForAllocation done
Event: 0.425 Executing VM operation: HandshakeAllThreads
Event: 0.425 Executing VM operation: HandshakeAllThreads done
Event: 0.431 Executing VM operation: HandshakeAllThreads
Event: 0.431 Executing VM operation: HandshakeAllThreads done
Event: 0.490 Executing VM operation: HandshakeAllThreads
Event: 0.490 Executing VM operation: HandshakeAllThreads done
Event: 0.591 Executing VM operation: HandshakeAllThreads
Event: 0.591 Executing VM operation: HandshakeAllThreads done
Event: 0.592 Executing VM operation: HandshakeAllThreads
Event: 0.592 Executing VM operation: HandshakeAllThreads done
Event: 1.118 Executing VM operation: HandshakeAllThreads
Event: 1.118 Executing VM operation: HandshakeAllThreads done

Events (20 events):
Event: 0.063 Loaded shared library C:\Program Files\JetBrains\IntelliJ IDEA Community Edition 2022.1.2\bin\breakgen64.dll
Event: 0.063 Thread 0x0000021c931eeeb0 Thread added: 0x0000021c931eeeb0
Event: 0.064 Thread 0x0000021c931f1770 Thread added: 0x0000021c931f1770
Event: 0.086 Loaded shared library C:\Users\T-HUB\.jdks\openjdk-18.0.1.1\bin\verify.dll
Event: 0.090 Loaded shared library C:\Users\T-HUB\.jdks\openjdk-18.0.1.1\bin\jimage.dll
Event: 0.098 Thread 0x0000021c933301f0 Thread added: 0x0000021c933301f0
Event: 0.232 Thread 0x0000021c93a4a9b0 Thread added: 0x0000021c93a4a9b0
Event: 0.475 Loaded shared library C:\Users\T-HUB\.jdks\openjdk-18.0.1.1\bin\sunmscapi.dll
Event: 0.484 Thread 0x0000021c93b2d7c0 Thread added: 0x0000021c93b2d7c0
Event: 0.519 Thread 0x0000021c93bd7750 Thread added: 0x0000021c93bd7750
Event: 0.534 Thread 0x0000021c93bb1e50 Thread added: 0x0000021c93bb1e50
Event: 0.536 Thread 0x0000021c9402fe70 Thread added: 0x0000021c9402fe70
Event: 0.541 Thread 0x0000021c93b226b0 Thread added: 0x0000021c93b226b0
Event: 0.541 Thread 0x0000021c93b22b70 Thread added: 0x0000021c93b22b70
Event: 0.592 Thread 0x0000021c93b708d0 Thread added: 0x0000021c93b708d0
Event: 0.627 Thread 0x0000021c93bd7750 Thread exited: 0x0000021c93bd7750
Event: 0.705 Thread 0x0000021c9410c8d0 Thread added: 0x0000021c9410c8d0
Event: 0.707 Thread 0x0000021c9410b0c0 Thread added: 0x0000021c9410b0c0
Event: 1.119 Thread 0x0000021c93a4a9b0 Thread exited: 0x0000021c93a4a9b0
Event: 1.119 Thread 0x0000021c933301f0 Thread exited: 0x0000021c933301f0


Dynamic libraries:
0x00007ff7b3510000 - 0x00007ff7b351e000 	C:\Users\T-HUB\.jdks\openjdk-18.0.1.1\bin\java.exe
0x00007ffa46b20000 - 0x00007ffa46d29000 	C:\Windows\SYSTEM32\ntdll.dll
0x00007ffa45da0000 - 0x00007ffa45e5e000 	C:\Windows\System32\KERNEL32.DLL
0x00007ffa44620000 - 0x00007ffa4499c000 	C:\Windows\System32\KERNELBASE.dll
0x00007ffa43ff0000 - 0x00007ffa44101000 	C:\Windows\System32\ucrtbase.dll
0x00007ffa32870000 - 0x00007ffa32887000 	C:\Users\T-HUB\.jdks\openjdk-18.0.1.1\bin\jli.dll
0x00007ffa34cd0000 - 0x00007ffa34cea000 	C:\Users\T-HUB\.jdks\openjdk-18.0.1.1\bin\VCRUNTIME140.dll
0x00007ffa450f0000 - 0x00007ffa4529d000 	C:\Windows\System32\USER32.dll
0x00007ffa36a60000 - 0x00007ffa36d05000 	C:\Windows\WinSxS\amd64_microsoft.windows.common-controls_6595b64144ccf1df_6.0.22000.120_none_9d947278b86cc467\COMCTL32.dll
0x00007ffa44410000 - 0x00007ffa44436000 	C:\Windows\System32\win32u.dll
0x00007ffa44bb0000 - 0x00007ffa44c53000 	C:\Windows\System32\msvcrt.dll
0x00007ffa46860000 - 0x00007ffa46889000 	C:\Windows\System32\GDI32.dll
0x00007ffa441d0000 - 0x00007ffa442e8000 	C:\Windows\System32\gdi32full.dll
0x00007ffa442f0000 - 0x00007ffa4438d000 	C:\Windows\System32\msvcp_win.dll
0x00007ffa46810000 - 0x00007ffa46842000 	C:\Windows\System32\IMM32.DLL
0x00007ffa3a610000 - 0x00007ffa3a61c000 	C:\Users\T-HUB\.jdks\openjdk-18.0.1.1\bin\vcruntime140_1.dll
0x00007ffa25700000 - 0x00007ffa2578d000 	C:\Users\T-HUB\.jdks\openjdk-18.0.1.1\bin\msvcp140.dll
0x00007ff9d57e0000 - 0x00007ff9d63f0000 	C:\Users\T-HUB\.jdks\openjdk-18.0.1.1\bin\server\jvm.dll
0x00007ffa46890000 - 0x00007ffa4693e000 	C:\Windows\System32\ADVAPI32.dll
0x00007ffa46940000 - 0x00007ffa469de000 	C:\Windows\System32\sechost.dll
0x00007ffa45bf0000 - 0x00007ffa45d10000 	C:\Windows\System32\RPCRT4.dll
0x00007ffa45f50000 - 0x00007ffa45f58000 	C:\Windows\System32\PSAPI.DLL
0x00007ffa38650000 - 0x00007ffa38659000 	C:\Windows\SYSTEM32\WSOCK32.dll
0x00007ffa467a0000 - 0x00007ffa4680f000 	C:\Windows\System32\WS2_32.dll
0x00007ffa37290000 - 0x00007ffa372c3000 	C:\Windows\SYSTEM32\WINMM.dll
0x00007ffa40080000 - 0x00007ffa4008a000 	C:\Windows\SYSTEM32\VERSION.dll
0x00007ffa43160000 - 0x00007ffa43178000 	C:\Windows\SYSTEM32\kernel.appcore.dll
0x00007ffa36590000 - 0x00007ffa3659a000 	C:\Users\T-HUB\.jdks\openjdk-18.0.1.1\bin\jimage.dll
0x00007ffa41a50000 - 0x00007ffa41c71000 	C:\Windows\SYSTEM32\DBGHELP.DLL
0x00007ffa3f630000 - 0x00007ffa3f661000 	C:\Windows\SYSTEM32\dbgcore.DLL
0x00007ffa44390000 - 0x00007ffa4440f000 	C:\Windows\System32\bcryptPrimitives.dll
0x00007ffa3ee40000 - 0x00007ffa3ee4e000 	C:\Users\T-HUB\.jdks\openjdk-18.0.1.1\bin\instrument.dll
0x00007ffa26670000 - 0x00007ffa26695000 	C:\Users\T-HUB\.jdks\openjdk-18.0.1.1\bin\java.dll
0x00007ffa220f0000 - 0x00007ffa221c6000 	C:\Users\T-HUB\.jdks\openjdk-18.0.1.1\bin\jsvml.dll
0x00007ffa45360000 - 0x00007ffa45b25000 	C:\Windows\System32\SHELL32.dll
0x00007ffa420f0000 - 0x00007ffa42955000 	C:\Windows\SYSTEM32\windows.storage.dll
0x00007ffa46120000 - 0x00007ffa46498000 	C:\Windows\System32\combase.dll
0x00007ffa41f80000 - 0x00007ffa420e6000 	C:\Windows\SYSTEM32\wintypes.dll
0x00007ffa469f0000 - 0x00007ffa46ada000 	C:\Windows\System32\SHCORE.dll
0x00007ffa45300000 - 0x00007ffa4535d000 	C:\Windows\System32\shlwapi.dll
0x00007ffa43f20000 - 0x00007ffa43f41000 	C:\Windows\SYSTEM32\profapi.dll
0x00007ffa25f70000 - 0x00007ffa25f88000 	C:\Users\T-HUB\.jdks\openjdk-18.0.1.1\bin\zip.dll
0x00007ffa26650000 - 0x00007ffa26663000 	C:\Users\T-HUB\.jdks\openjdk-18.0.1.1\bin\net.dll
0x00007ffa3fd90000 - 0x00007ffa3fea4000 	C:\Windows\SYSTEM32\WINHTTP.dll
0x00007ffa43600000 - 0x00007ffa43667000 	C:\Windows\system32\mswsock.dll
0x00007ffa25f90000 - 0x00007ffa25fa6000 	C:\Users\T-HUB\.jdks\openjdk-18.0.1.1\bin\nio.dll
0x00007ffa3b0a0000 - 0x00007ffa3b0ba000 	C:\Program Files\JetBrains\IntelliJ IDEA Community Edition 2022.1.2\bin\breakgen64.dll
0x00007ffa34270000 - 0x00007ffa34280000 	C:\Users\T-HUB\.jdks\openjdk-18.0.1.1\bin\verify.dll
0x00007ffa43840000 - 0x00007ffa43858000 	C:\Windows\SYSTEM32\CRYPTSP.dll
0x00007ffa430c0000 - 0x00007ffa430f5000 	C:\Windows\system32\rsaenh.dll
0x00007ffa436f0000 - 0x00007ffa43719000 	C:\Windows\SYSTEM32\USERENV.dll
0x00007ffa439d0000 - 0x00007ffa439f7000 	C:\Windows\SYSTEM32\bcrypt.dll
0x00007ffa43860000 - 0x00007ffa4386c000 	C:\Windows\SYSTEM32\CRYPTBASE.dll
0x00007ffa42c90000 - 0x00007ffa42cbd000 	C:\Windows\SYSTEM32\IPHLPAPI.DLL
0x00007ffa45be0000 - 0x00007ffa45be9000 	C:\Windows\System32\NSI.dll
0x00007ffa3fc10000 - 0x00007ffa3fc29000 	C:\Windows\SYSTEM32\dhcpcsvc6.DLL
0x00007ffa40040000 - 0x00007ffa4005e000 	C:\Windows\SYSTEM32\dhcpcsvc.DLL
0x00007ffa42cc0000 - 0x00007ffa42da8000 	C:\Windows\SYSTEM32\DNSAPI.dll
0x00007ffa3c4a0000 - 0x00007ffa3c4aa000 	C:\Windows\System32\rasadhlp.dll
0x00007ffa3e6d0000 - 0x00007ffa3e751000 	C:\Windows\System32\fwpuclnt.dll
0x00007ffa40270000 - 0x00007ffa4027e000 	C:\Users\T-HUB\.jdks\openjdk-18.0.1.1\bin\sunmscapi.dll
0x00007ffa44440000 - 0x00007ffa445a2000 	C:\Windows\System32\CRYPT32.dll
0x00007ffa439a0000 - 0x00007ffa439c8000 	C:\Windows\SYSTEM32\ncrypt.dll
0x00007ffa43960000 - 0x00007ffa43997000 	C:\Windows\SYSTEM32\NTASN1.dll

dbghelp: loaded successfully - version: 4.0.5 - missing functions: none
symbol engine: initialized successfully - sym options: 0x614 - pdb path: .;C:\Users\T-HUB\.jdks\openjdk-18.0.1.1\bin;C:\Windows\SYSTEM32;C:\Windows\WinSxS\amd64_microsoft.windows.common-controls_6595b64144ccf1df_6.0.22000.120_none_9d947278b86cc467;C:\Users\T-HUB\.jdks\openjdk-18.0.1.1\bin\server;C:\Program Files\JetBrains\IntelliJ IDEA Community Edition 2022.1.2\bin

VM Arguments:
jvm_args: -ea -Didea.test.cyclic.buffer.size=1048576 -javaagent:C:\Program Files\JetBrains\IntelliJ IDEA Community Edition 2022.1.2\lib\idea_rt.jar=61419:C:\Program Files\JetBrains\IntelliJ IDEA Community Edition 2022.1.2\bin -Dfile.encoding=UTF-8 
java_command: com.intellij.rt.testng.RemoteTestNGStarter -usedefaultlisteners false -socket61418 @w@C:\Users\T-HUB\AppData\Local\Temp\idea_working_dirs_testng.tmp -temp C:\Users\T-HUB\AppData\Local\Temp\idea_testng.tmp
java_class_path (initial): C:\Program Files\JetBrains\IntelliJ IDEA Community Edition 2022.1.2\lib\idea_rt.jar;C:\Program Files\JetBrains\IntelliJ IDEA Community Edition 2022.1.2\plugins\testng\lib\testng-rt.jar;C:\Users\T-HUB\IdeaProjects\test22\target\test-classes;C:\Users\T-HUB\IdeaProjects\test22\target\classes;C:\Users\T-HUB\.m2\repository\junit\junit\4.11\junit-4.11.jar;C:\Users\T-HUB\.m2\repository\org\hamcrest\hamcrest-core\1.3\hamcrest-core-1.3.jar;C:\Users\T-HUB\.m2\repository\org\testng\testng\7.7.1\testng-7.7.1.jar;C:\Users\T-HUB\.m2\repository\org\slf4j\slf4j-api\1.7.36\slf4j-api-1.7.36.jar;C:\Users\T-HUB\.m2\repository\com\beust\jcommander\1.82\jcommander-1.82.jar;C:\Users\T-HUB\.m2\repository\org\webjars\jquery\3.6.1\jquery-3.6.1.jar;C:\Users\T-HUB\.m2\repository\io\github\bonigarcia\webdrivermanager\5.2.1\webdrivermanager-5.2.1.jar;C:\Users\T-HUB\.m2\repository\com\google\code\gson\gson\2.9.0\gson-2.9.0.jar;C:\Users\T-HUB\.m2\repository\com\github\docker-java\docker-java\3.2.13\docker-java-3.2.13.jar;C:\Users\T-HUB\.m2\repository\com\github\docker-java\docker-java-core\3.2.13\docker-java-core-3.2.13.jar;C:\Users\T-HUB\.m2\repository\com\github\docker-java\docker-java-api\3.2.13\docker-java-api-3.2.13.jar;C:\Users\T-HUB\.m2\repository\com\fasterxml\jackson\core\jackson-annotations\2.10.3\jackson-annotations-2.10.3.jar;C:\Users\T-HUB\.m2\repository\commons-io\commons-io\2.6\commons-io-2.6.jar;C:\Users\T-HUB\.m2\repository\org\apache\commons\commons-compress\1.21\commons-compress-1.21.jar;C:\Users\T-HUB\.m2\repository\com\fasterxml\jackson\core\jackson-databind\2.10.3\jackson-databind-2.10.3.jar;C:\Users\T-HUB\.m2\repository\com\fasterxml\jackson\core\jackson-core\2.10.3\jackson-core-2.10.3.jar;C:\Users\T-HUB\.m2\repository\org\bouncycastle\bcpkix-jdk15on\1.64\bcpkix-jdk15on-1.64.jar;C:\Users\T-HUB\.m2\repository\org\bouncycastle\bcprov-jdk15on\1.64\bcprov-jdk15on-1.64.jar;C:\Users\T-HUB\.m2\repository\org\slf4j\jcl-over-slf4j\1.7.30\jcl-over-slf4j-1.7.30.jar;C:\Users\T-HUB\.m2\repository\com\github\docker-java\docker-java-transport-httpclient5\3.2.13\docker-java-transport-httpclient5-3.2.13.jar;C:\Users\T-HUB\.m2\repository\com\github\docker-java\docker-java-transport\3.2.13\docker-java-transport-3.2.13.jar;C:\Users\T-HUB\.m2\repository\net\java\dev\jna\jna\5.8.0\jna-5.8.0.jar;C:\Users\T-HUB\.m2\repository\org\brotli\dec\0.1.2\dec-0.1.2.jar;C:\Users\T-HUB\.m2\repository\org\apache\commons\commons-lang3\3.12.0\commons-lang3-3.12.0.jar;C:\Users\T-HUB\.m2\repository\org\apache\httpcomponents\client5\httpclient5\5.1.3\httpclient5-5.1.3.jar;C:\Users\T-HUB\.m2\repository\org\apache\httpcomponents\core5\httpcore5\5.1.3\httpcore5-5.1.3.jar;C:\Users\T-HUB\.m2\repository\org\apache\httpcomponents\core5\httpcore5-h2\5.1.3\httpcore5-h2-5.1.3.jar;C:\Users\T-HUB\.m2\repository\commons-codec\commons-codec\1.15\commons-codec-1.15.jar;C:\Users\T-HUB\.m2\repository\org\seleniumhq\selenium\selenium-chrome-driver\3.141.59\selenium-chrome-driver-3.141.59.jar;C:\Users\T-HUB\.m2\repository\org\seleniumhq\selenium\selenium-api\3.141.59\selenium-api-3.141.59.jar;C:\Users\T-HUB\.m2\repository\org\seleniumhq\selenium\selenium-remote-driver\3.141.59\selenium-remote-driver-3.141.59.jar;C:\Users\T-HUB\.m2\repository\net\bytebuddy\byte-buddy\1.8.15\byte-buddy-1.8.15.jar;C:\Users\T-HUB\.m2\repository\org\apache\commons\commons-exec\1.3\commons-exec-1.3.jar;C:\Users\T-HUB\.m2\repository\com\google\guava\guava\25.0-jre\guava-25.0-jre.jar;C:\Users\T-HUB\.m2\repository\com\google\code\findbugs\jsr305\1.3.9\jsr305-1.3.9.jar;C:\Users\T-HUB\.m2\repository\org\checkerframework\checker-compat-qual\2.0.0\checker-compat-qual-2.0.0.jar;C:\Users\T-HUB\.m2\repository\com\google\errorprone\error_prone_annotations\2.1.3\error_prone_annotations-2.1.3.jar;C:\Users\T-HUB\.m2\repository\com\google\j2objc\j2objc-annotations\1.1\j2objc-annotations-1.1.jar;C:\Users\T-HUB\.m2\repository\org\codehaus\mojo\animal-sniffer-annotations\1.14\animal-sniffer-annotations-1.14.jar;C:\Users\T-HUB\.m2\repository\com\squareup\okhttp3\okhttp\3.11.0\okhttp-3.11.0.jar;C:\Users\T-HUB\.m2\repository\com\squareup\okio\okio\1.14.0\okio-1.14.0.jar
Launcher Type: SUN_STANDARD

[Global flags]
     intx CICompilerCount                          = 12                                        {product} {ergonomic}
     uint ConcGCThreads                            = 3                                         {product} {ergonomic}
     uint G1ConcRefinementThreads                  = 13                                        {product} {ergonomic}
   size_t G1HeapRegionSize                         = 2097152                                   {product} {ergonomic}
    uintx GCDrainStackTargetSize                   = 64                                        {product} {ergonomic}
   size_t InitialHeapSize                          = 264241152                                 {product} {ergonomic}
   size_t MarkStackSize                            = 4194304                                   {product} {ergonomic}
   size_t MaxHeapSize                              = 4227858432                                {product} {ergonomic}
   size_t MaxNewSize                               = 2535456768                                {product} {ergonomic}
   size_t MinHeapDeltaBytes                        = 2097152                                   {product} {ergonomic}
   size_t MinHeapSize                              = 8388608                                   {product} {ergonomic}
    uintx NonNMethodCodeHeapSize                   = 7602480                                {pd product} {ergonomic}
    uintx NonProfiledCodeHeapSize                  = 122027880                              {pd product} {ergonomic}
    uintx ProfiledCodeHeapSize                     = 122027880                              {pd product} {ergonomic}
    uintx ReservedCodeCacheSize                    = 251658240                              {pd product} {ergonomic}
     bool SegmentedCodeCache                       = true                                      {product} {ergonomic}
   size_t SoftMaxHeapSize                          = 4227858432                             {manageable} {ergonomic}
     bool UseCompressedClassPointers               = true                           {product lp64_product} {ergonomic}
     bool UseCompressedOops                        = true                           {product lp64_product} {ergonomic}
     bool UseG1GC                                  = true                                      {product} {ergonomic}
     bool UseLargePagesIndividualAllocation        = false                                  {pd product} {ergonomic}

Logging:
Log output configuration:
 #0: stdout all=warning uptime,level,tags foldmultilines=false
 #1: stderr all=off uptime,level,tags foldmultilines=false

Environment Variables:
PATH=C:\Program Files (x86)\Common Files\Oracle\Java\javapath;C:\Windows\system32;C:\Windows;C:\Windows\System32\Wbem;C:\Windows\System32\WindowsPowerShell\v1.0\;C:\Windows\System32\OpenSSH\;C:\Program Files\apache-maven-3.8.6;C:\Program Files\Git\cmd;C:\Program Files\JetBrains\IntelliJ IDEA Community Edition 2022.1.2\;C:\Users\T-HUB\AppData\Local\Programs\Python\Python310\Scripts\;C:\Users\T-HUB\AppData\Local\Programs\Python\Python310\;C:\Users\T-HUB\AppData\Local\Microsoft\WindowsApps;C:\Program Files\JetBrains\IntelliJ IDEA Community Edition 2022.1.2\bin;;C:\Program Files (x86)\Java\jre1.8.0_333\bin;C:\Users\T-HUB\Downloads\gradle-7.4.2-bin\gradle-7.4.2\bin;
USERNAME=T-HUB
OS=Windows_NT
PROCESSOR_IDENTIFIER=Intel64 Family 6 Model 167 Stepping 1, GenuineIntel



---------------  S Y S T E M  ---------------

OS:
 Windows 11 , 64 bit Build 22000 (10.0.22000.1516)
OS uptime: 46 days 0:06 hours

CPU: total 16 (initial active 16) (8 cores per cpu, 2 threads per core) family 6 model 167 stepping 1 microcode 0x50, cx8, cmov, fxsr, ht, mmx, 3dnowpref, sse, sse2, sse3, ssse3, sse4.1, sse4.2, popcnt, lzcnt, tsc, tscinvbit, avx, avx2, aes, erms, clmul, bmi1, bmi2, adx, avx512f, avx512dq, avx512cd, avx512bw, avx512vl, sha, fma, vzeroupper, avx512_vpopcntdq, avx512_vpclmulqdq, avx512_vaes, avx512_vnni, clflush, clflushopt, avx512_vbmi2, avx512_vbmi

Memory: 4k page, system-wide physical 16121M (1347M free)
TotalPageFile size 32415M (AvailPageFile size 0M)
current process WorkingSet (physical memory assigned to process): 99M, peak: 99M
current process commit charge ("private bytes"): 383M, peak: 383M

vm_info: OpenJDK 64-Bit Server VM (18.0.1.1+2-6) for windows-amd64 JRE (18.0.1.1+2-6), built on Apr 25 2022 21:50:56 by "mach5one" with MS VC++ 16.8 / 16.9 (VS2019)

END.
